<?xml version="1.0" encoding="UTF-8"?>
<!DOCTYPE suite SYSTEM "http://testng.org/testng-1.0.dtd" >

<suite name="MY SUITE">
    <test name="SearchAndSave">
        <classes>
            <class name="Tests.Tests">
                <methods>
                    <include name="Search"/>
                </methods>
            </class>
        </classes>
    </test>
</suite>